running develop
/usr/lib/python3/dist-packages/setuptools/command/develop.py:40: EasyInstallDeprecationWarning: easy_install command is deprecated.
!!

        ********************************************************************************
        Please avoid running ``setup.py`` and ``easy_install``.
        Instead, use pypa/build, pypa/installer or other
        standards-based tools.

        See https://github.com/pypa/setuptools/issues/917 for details.
        ********************************************************************************

!!
  easy_install.initialize_options(self)
Removing /home/kmagier/ros2_ws/src/esp32_comm/install/esp32_comm/lib/python3.12/site-packages/esp32-comm.egg-link (link to .)
running egg_info
writing build/esp32_comm/esp32_comm.egg-info/PKG-INFO
writing dependency_links to build/esp32_comm/esp32_comm.egg-info/dependency_links.txt
writing entry points to build/esp32_comm/esp32_comm.egg-info/entry_points.txt
writing requirements to build/esp32_comm/esp32_comm.egg-info/requires.txt
writing top-level names to build/esp32_comm/esp32_comm.egg-info/top_level.txt
reading manifest file 'build/esp32_comm/esp32_comm.egg-info/SOURCES.txt'
writing manifest file 'build/esp32_comm/esp32_comm.egg-info/SOURCES.txt'
running build
running build_py
running install
running install_lib
creating /home/kmagier/ros2_ws/src/esp32_comm/install/esp32_comm/lib/python3.12/site-packages/esp32_comm
copying /home/kmagier/ros2_ws/src/esp32_comm/build/esp32_comm/build/lib/esp32_comm/esp_ros_node.py -> /home/kmagier/ros2_ws/src/esp32_comm/install/esp32_comm/lib/python3.12/site-packages/esp32_comm
copying /home/kmagier/ros2_ws/src/esp32_comm/build/esp32_comm/build/lib/esp32_comm/__init__.py -> /home/kmagier/ros2_ws/src/esp32_comm/install/esp32_comm/lib/python3.12/site-packages/esp32_comm
byte-compiling /home/kmagier/ros2_ws/src/esp32_comm/install/esp32_comm/lib/python3.12/site-packages/esp32_comm/esp_ros_node.py to esp_ros_node.cpython-312.pyc
byte-compiling /home/kmagier/ros2_ws/src/esp32_comm/install/esp32_comm/lib/python3.12/site-packages/esp32_comm/__init__.py to __init__.cpython-312.pyc
running install_data
copying resource/esp32_comm -> /home/kmagier/ros2_ws/src/esp32_comm/install/esp32_comm/share/ament_index/resource_index/packages
copying package.xml -> /home/kmagier/ros2_ws/src/esp32_comm/install/esp32_comm/share/esp32_comm
running install_egg_info
Copying build/esp32_comm/esp32_comm.egg-info to /home/kmagier/ros2_ws/src/esp32_comm/install/esp32_comm/lib/python3.12/site-packages/esp32_comm-0.0.0-py3.12.egg-info
running install_scripts
Installing esp_ros_node script to /home/kmagier/ros2_ws/src/esp32_comm/install/esp32_comm/lib/esp32_comm
writing list of installed files to '/home/kmagier/ros2_ws/src/esp32_comm/build/esp32_comm/install.log'
