[0.120s] DEBUG:colcon:Command line arguments: ['/usr/bin/colcon', 'build']
[0.120s] DEBUG:colcon:Parsed command line arguments: Namespace(log_base=None, log_level=None, verb_name='build', build_base='build', install_base='install', merge_install=False, symlink_install=False, test_result_base=None, continue_on_error=False, executor='parallel', parallel_workers=12, event_handlers=None, ignore_user_meta=False, metas=['./colcon.meta'], base_paths=['.'], packages_ignore=None, packages_ignore_regex=None, paths=None, packages_up_to=None, packages_up_to_regex=None, packages_above=None, packages_above_and_dependencies=None, packages_above_depth=None, packages_select_by_dep=None, packages_skip_by_dep=None, packages_skip_up_to=None, packages_select_build_failed=False, packages_skip_build_finished=False, packages_select_test_failures=False, packages_skip_test_passed=False, packages_select=None, packages_skip=None, packages_select_regex=None, packages_skip_regex=None, packages_start=None, packages_end=None, allow_overriding=[], cmake_args=None, cmake_target=None, cmake_target_skip_unavailable=False, cmake_clean_cache=False, cmake_clean_first=False, cmake_force_configure=False, ament_cmake_args=None, catkin_cmake_args=None, catkin_skip_building_tests=False, mixin_files=None, mixin=None, verb_parser=<colcon_mixin.mixin.mixin_argument.MixinArgumentDecorator object at 0x70deed4c6540>, verb_extension=<colcon_core.verb.build.BuildVerb object at 0x70deed4c5d60>, main=<bound method BuildVerb.main of <colcon_core.verb.build.BuildVerb object at 0x70deed4c5d60>>, mixin_verb=('build',))
[0.152s] Level 1:colcon.colcon_core.package_discovery:discover_packages(colcon_meta) check parameters
[0.152s] Level 1:colcon.colcon_core.package_discovery:discover_packages(recursive) check parameters
[0.152s] Level 1:colcon.colcon_core.package_discovery:discover_packages(ignore) check parameters
[0.153s] Level 1:colcon.colcon_core.package_discovery:discover_packages(path) check parameters
[0.153s] Level 1:colcon.colcon_core.package_discovery:discover_packages(colcon_meta) discover
[0.153s] Level 1:colcon.colcon_core.package_discovery:discover_packages(recursive) discover
[0.153s] INFO:colcon.colcon_core.package_discovery:Crawling recursively for packages in '/home/kmagier/ros2_ws/src/esp32_comm'
[0.153s] Level 1:colcon.colcon_core.package_identification:_identify(.) by extensions ['ignore', 'ignore_ament_install']
[0.153s] Level 1:colcon.colcon_core.package_identification:_identify(.) by extension 'ignore'
[0.153s] Level 1:colcon.colcon_core.package_identification:_identify(.) by extension 'ignore_ament_install'
[0.153s] Level 1:colcon.colcon_core.package_identification:_identify(.) by extensions ['colcon_pkg']
[0.153s] Level 1:colcon.colcon_core.package_identification:_identify(.) by extension 'colcon_pkg'
[0.153s] Level 1:colcon.colcon_core.package_identification:_identify(.) by extensions ['colcon_meta']
[0.153s] Level 1:colcon.colcon_core.package_identification:_identify(.) by extension 'colcon_meta'
[0.153s] Level 1:colcon.colcon_core.package_identification:_identify(.) by extensions ['ros']
[0.153s] Level 1:colcon.colcon_core.package_identification:_identify(.) by extension 'ros'
[0.176s] DEBUG:colcon.colcon_core.package_identification:Package '.' with type 'ros.ament_python' and name 'esp32_comm'
[0.176s] Level 1:colcon.colcon_core.package_discovery:discover_packages(recursive) using defaults
[0.176s] Level 1:colcon.colcon_core.package_discovery:discover_packages(ignore) discover
[0.176s] Level 1:colcon.colcon_core.package_discovery:discover_packages(ignore) using defaults
[0.176s] Level 1:colcon.colcon_core.package_discovery:discover_packages(path) discover
[0.176s] Level 1:colcon.colcon_core.package_discovery:discover_packages(path) using defaults
[0.192s] Level 1:colcon.colcon_core.package_discovery:discover_packages(prefix_path) check parameters
[0.192s] Level 1:colcon.colcon_core.package_discovery:discover_packages(prefix_path) discover
[0.199s] DEBUG:colcon.colcon_installed_package_information.package_discovery:Found 1 installed packages in /home/kmagier/ros2_ws/src/roarm_moveit/kacper_task/install
[0.199s] DEBUG:colcon.colcon_installed_package_information.package_discovery:Found 1 installed packages in /home/kmagier/ros2_ws/src/roarm_moveit/mtc_roarm/install
[0.200s] DEBUG:colcon.colcon_installed_package_information.package_discovery:Found 6 installed packages in /home/kmagier/ros2_ws/src/roarm_moveit/install
[0.202s] DEBUG:colcon.colcon_installed_package_information.package_discovery:Found 74 installed packages in /home/kmagier/ros2_ws/src/moveit2_ws/install
[0.205s] DEBUG:colcon.colcon_installed_package_information.package_discovery:Found 81 installed packages in /home/kmagier/ros2_ws/install
[0.209s] DEBUG:colcon.colcon_installed_package_information.package_discovery:Found 1 installed packages in /home/kmagier/ros2_ws/src/esp32_comm/install
[0.211s] DEBUG:colcon.colcon_installed_package_information.package_discovery:Found 375 installed packages in /opt/ros/jazzy
[0.211s] Level 1:colcon.colcon_core.package_discovery:discover_packages(prefix_path) using defaults
[0.283s] Level 5:colcon.colcon_core.verb:set package 'esp32_comm' build argument 'cmake_args' from command line to 'None'
[0.283s] Level 5:colcon.colcon_core.verb:set package 'esp32_comm' build argument 'cmake_target' from command line to 'None'
[0.283s] Level 5:colcon.colcon_core.verb:set package 'esp32_comm' build argument 'cmake_target_skip_unavailable' from command line to 'False'
[0.283s] Level 5:colcon.colcon_core.verb:set package 'esp32_comm' build argument 'cmake_clean_cache' from command line to 'False'
[0.283s] Level 5:colcon.colcon_core.verb:set package 'esp32_comm' build argument 'cmake_clean_first' from command line to 'False'
[0.283s] Level 5:colcon.colcon_core.verb:set package 'esp32_comm' build argument 'cmake_force_configure' from command line to 'False'
[0.283s] Level 5:colcon.colcon_core.verb:set package 'esp32_comm' build argument 'ament_cmake_args' from command line to 'None'
[0.283s] Level 5:colcon.colcon_core.verb:set package 'esp32_comm' build argument 'catkin_cmake_args' from command line to 'None'
[0.283s] Level 5:colcon.colcon_core.verb:set package 'esp32_comm' build argument 'catkin_skip_building_tests' from command line to 'False'
[0.283s] DEBUG:colcon.colcon_core.verb:Building package 'esp32_comm' with the following arguments: {'ament_cmake_args': None, 'build_base': '/home/kmagier/ros2_ws/src/esp32_comm/build/esp32_comm', 'catkin_cmake_args': None, 'catkin_skip_building_tests': False, 'cmake_args': None, 'cmake_clean_cache': False, 'cmake_clean_first': False, 'cmake_force_configure': False, 'cmake_target': None, 'cmake_target_skip_unavailable': False, 'install_base': '/home/kmagier/ros2_ws/src/esp32_comm/install/esp32_comm', 'merge_install': False, 'path': '/home/kmagier/ros2_ws/src/esp32_comm', 'symlink_install': False, 'test_result_base': None}
[0.283s] INFO:colcon.colcon_core.executor:Executing jobs using 'parallel' executor
[0.283s] DEBUG:colcon.colcon_parallel_executor.executor.parallel:run_until_complete
[0.284s] INFO:colcon.colcon_ros.task.ament_python.build:Building ROS package in '/home/kmagier/ros2_ws/src/esp32_comm' with build type 'ament_python'
[0.284s] Level 1:colcon.colcon_core.shell:create_environment_hook('esp32_comm', 'ament_prefix_path')
[0.286s] INFO:colcon.colcon_core.plugin_system:Skipping extension 'colcon_core.shell.bat': Not used on non-Windows systems
[0.286s] INFO:colcon.colcon_core.shell:Creating environment hook '/home/kmagier/ros2_ws/src/esp32_comm/install/esp32_comm/share/esp32_comm/hook/ament_prefix_path.ps1'
[0.287s] INFO:colcon.colcon_core.shell:Creating environment descriptor '/home/kmagier/ros2_ws/src/esp32_comm/install/esp32_comm/share/esp32_comm/hook/ament_prefix_path.dsv'
[0.287s] INFO:colcon.colcon_core.shell:Creating environment hook '/home/kmagier/ros2_ws/src/esp32_comm/install/esp32_comm/share/esp32_comm/hook/ament_prefix_path.sh'
[0.288s] INFO:colcon.colcon_core.shell:Skip shell extension 'powershell' for command environment: Not usable outside of PowerShell
[0.288s] DEBUG:colcon.colcon_core.shell:Skip shell extension 'dsv' for command environment
[0.545s] INFO:colcon.colcon_core.task.python.build:Building Python package in '/home/kmagier/ros2_ws/src/esp32_comm'
[0.545s] INFO:colcon.colcon_core.shell:Skip shell extension 'powershell' for command environment: Not usable outside of PowerShell
[0.545s] DEBUG:colcon.colcon_core.shell:Skip shell extension 'dsv' for command environment
[1.275s] DEBUG:colcon.colcon_core.event_handler.log_command:Invoking command in '/home/kmagier/ros2_ws/src/esp32_comm/build/esp32_comm': DEBUGINFOD_URLS=https://debuginfod.ubuntu.com PYTHONPATH=/home/kmagier/ros2_ws/src/esp32_comm/build/esp32_comm/prefix_override:/usr/lib/python3/dist-packages/colcon_core/task/python/colcon_distutils_commands:/home/kmagier/ros2_ws/src/esp32_comm/install/esp32_comm/lib/python3.12/site-packages:${PYTHONPATH} /usr/bin/python3 -W ignore:setup.py install is deprecated setup.py develop --uninstall --editable --build-directory /home/kmagier/ros2_ws/src/esp32_comm/build/esp32_comm/build
[1.963s] DEBUG:colcon.colcon_core.event_handler.log_command:Invoked command in '/home/kmagier/ros2_ws/src/esp32_comm/build/esp32_comm' returned '0': DEBUGINFOD_URLS=https://debuginfod.ubuntu.com PYTHONPATH=/home/kmagier/ros2_ws/src/esp32_comm/build/esp32_comm/prefix_override:/usr/lib/python3/dist-packages/colcon_core/task/python/colcon_distutils_commands:/home/kmagier/ros2_ws/src/esp32_comm/install/esp32_comm/lib/python3.12/site-packages:${PYTHONPATH} /usr/bin/python3 -W ignore:setup.py install is deprecated setup.py develop --uninstall --editable --build-directory /home/kmagier/ros2_ws/src/esp32_comm/build/esp32_comm/build
[1.964s] DEBUG:colcon.colcon_core.event_handler.log_command:Invoking command in '/home/kmagier/ros2_ws/src/esp32_comm': DEBUGINFOD_URLS=https://debuginfod.ubuntu.com PYTHONPATH=/home/kmagier/ros2_ws/src/esp32_comm/build/esp32_comm/prefix_override:/usr/lib/python3/dist-packages/colcon_core/task/python/colcon_distutils_commands:/home/kmagier/ros2_ws/src/esp32_comm/install/esp32_comm/lib/python3.12/site-packages:${PYTHONPATH} /usr/bin/python3 -W ignore:setup.py install is deprecated setup.py egg_info --egg-base build/esp32_comm build --build-base /home/kmagier/ros2_ws/src/esp32_comm/build/esp32_comm/build install --record /home/kmagier/ros2_ws/src/esp32_comm/build/esp32_comm/install.log --single-version-externally-managed install_data --force
[2.651s] DEBUG:colcon.colcon_core.event_handler.log_command:Invoked command in '/home/kmagier/ros2_ws/src/esp32_comm' returned '0': DEBUGINFOD_URLS=https://debuginfod.ubuntu.com PYTHONPATH=/home/kmagier/ros2_ws/src/esp32_comm/build/esp32_comm/prefix_override:/usr/lib/python3/dist-packages/colcon_core/task/python/colcon_distutils_commands:/home/kmagier/ros2_ws/src/esp32_comm/install/esp32_comm/lib/python3.12/site-packages:${PYTHONPATH} /usr/bin/python3 -W ignore:setup.py install is deprecated setup.py egg_info --egg-base build/esp32_comm build --build-base /home/kmagier/ros2_ws/src/esp32_comm/build/esp32_comm/build install --record /home/kmagier/ros2_ws/src/esp32_comm/build/esp32_comm/install.log --single-version-externally-managed install_data --force
[2.653s] Level 1:colcon.colcon_core.environment:checking '/home/kmagier/ros2_ws/src/esp32_comm/install/esp32_comm' for CMake module files
[2.653s] Level 1:colcon.colcon_core.environment:checking '/home/kmagier/ros2_ws/src/esp32_comm/install/esp32_comm' for CMake config files
[2.654s] Level 1:colcon.colcon_core.environment:checking '/home/kmagier/ros2_ws/src/esp32_comm/install/esp32_comm/lib'
[2.654s] Level 1:colcon.colcon_core.environment:checking '/home/kmagier/ros2_ws/src/esp32_comm/install/esp32_comm/bin'
[2.654s] Level 1:colcon.colcon_core.environment:checking '/home/kmagier/ros2_ws/src/esp32_comm/install/esp32_comm/lib/pkgconfig/esp32_comm.pc'
[2.654s] Level 1:colcon.colcon_core.environment:checking '/home/kmagier/ros2_ws/src/esp32_comm/install/esp32_comm/lib/python3.12/site-packages'
[2.655s] Level 1:colcon.colcon_core.shell:create_environment_hook('esp32_comm', 'pythonpath')
[2.655s] INFO:colcon.colcon_core.shell:Creating environment hook '/home/kmagier/ros2_ws/src/esp32_comm/install/esp32_comm/share/esp32_comm/hook/pythonpath.ps1'
[2.655s] INFO:colcon.colcon_core.shell:Creating environment descriptor '/home/kmagier/ros2_ws/src/esp32_comm/install/esp32_comm/share/esp32_comm/hook/pythonpath.dsv'
[2.655s] INFO:colcon.colcon_core.shell:Creating environment hook '/home/kmagier/ros2_ws/src/esp32_comm/install/esp32_comm/share/esp32_comm/hook/pythonpath.sh'
[2.656s] Level 1:colcon.colcon_core.environment:checking '/home/kmagier/ros2_ws/src/esp32_comm/install/esp32_comm/bin'
[2.656s] Level 1:colcon.colcon_core.environment:create_environment_scripts_only(esp32_comm)
[2.656s] INFO:colcon.colcon_core.shell:Creating package script '/home/kmagier/ros2_ws/src/esp32_comm/install/esp32_comm/share/esp32_comm/package.ps1'
[2.657s] INFO:colcon.colcon_core.shell:Creating package descriptor '/home/kmagier/ros2_ws/src/esp32_comm/install/esp32_comm/share/esp32_comm/package.dsv'
[2.657s] INFO:colcon.colcon_core.shell:Creating package script '/home/kmagier/ros2_ws/src/esp32_comm/install/esp32_comm/share/esp32_comm/package.sh'
[2.658s] INFO:colcon.colcon_core.shell:Creating package script '/home/kmagier/ros2_ws/src/esp32_comm/install/esp32_comm/share/esp32_comm/package.bash'
[2.658s] INFO:colcon.colcon_core.shell:Creating package script '/home/kmagier/ros2_ws/src/esp32_comm/install/esp32_comm/share/esp32_comm/package.zsh'
[2.659s] Level 1:colcon.colcon_core.environment:create_file_with_runtime_dependencies(/home/kmagier/ros2_ws/src/esp32_comm/install/esp32_comm/share/colcon-core/packages/esp32_comm)
[2.659s] DEBUG:colcon.colcon_parallel_executor.executor.parallel:closing loop
[2.659s] DEBUG:colcon.colcon_parallel_executor.executor.parallel:loop closed
[2.659s] DEBUG:colcon.colcon_parallel_executor.executor.parallel:run_until_complete finished with '0'
[2.659s] DEBUG:colcon.colcon_core.event_reactor:joining thread
[2.667s] INFO:colcon.colcon_core.plugin_system:Skipping extension 'colcon_notification.desktop_notification.terminal_notifier': Not used on non-Darwin systems
[2.667s] INFO:colcon.colcon_core.plugin_system:Skipping extension 'colcon_notification.desktop_notification.win32': Not used on non-Windows systems
[2.667s] INFO:colcon.colcon_notification.desktop_notification:Sending desktop notification using 'notify2'
[2.679s] DEBUG:colcon.colcon_core.event_reactor:joined thread
[2.680s] INFO:colcon.colcon_core.shell:Creating prefix script '/home/kmagier/ros2_ws/src/esp32_comm/install/local_setup.ps1'
[2.680s] INFO:colcon.colcon_core.shell:Creating prefix util module '/home/kmagier/ros2_ws/src/esp32_comm/install/_local_setup_util_ps1.py'
[2.681s] INFO:colcon.colcon_core.shell:Creating prefix chain script '/home/kmagier/ros2_ws/src/esp32_comm/install/setup.ps1'
[2.688s] INFO:colcon.colcon_core.shell:Creating prefix script '/home/kmagier/ros2_ws/src/esp32_comm/install/local_setup.sh'
[2.689s] INFO:colcon.colcon_core.shell:Creating prefix util module '/home/kmagier/ros2_ws/src/esp32_comm/install/_local_setup_util_sh.py'
[2.690s] INFO:colcon.colcon_core.shell:Creating prefix chain script '/home/kmagier/ros2_ws/src/esp32_comm/install/setup.sh'
[2.696s] INFO:colcon.colcon_core.shell:Creating prefix script '/home/kmagier/ros2_ws/src/esp32_comm/install/local_setup.bash'
[2.697s] INFO:colcon.colcon_core.shell:Creating prefix chain script '/home/kmagier/ros2_ws/src/esp32_comm/install/setup.bash'
[2.703s] INFO:colcon.colcon_core.shell:Creating prefix script '/home/kmagier/ros2_ws/src/esp32_comm/install/local_setup.zsh'
[2.704s] INFO:colcon.colcon_core.shell:Creating prefix chain script '/home/kmagier/ros2_ws/src/esp32_comm/install/setup.zsh'
