[1.031s] Invoking command in '/home/kmagier/ros2_ws/src/esp32_comm': DEBUGINFOD_URLS=https://debuginfod.ubuntu.com PYTHONPATH=/home/kmagier/ros2_ws/src/esp32_comm/build/esp32_comm/prefix_override:/usr/lib/python3/dist-packages/colcon_core/task/python/colcon_distutils_commands:/home/kmagier/ros2_ws/src/esp32_comm/install/esp32_comm/lib/python3.12/site-packages:${PYTHONPATH} /usr/bin/python3 -W ignore:setup.py install is deprecated setup.py egg_info --egg-base build/esp32_comm build --build-base /home/kmagier/ros2_ws/src/esp32_comm/build/esp32_comm/build install --record /home/kmagier/ros2_ws/src/esp32_comm/build/esp32_comm/install.log --single-version-externally-managed install_data
[1.397s] running egg_info
[1.427s] writing build/esp32_comm/esp32_comm.egg-info/PKG-INFO
[1.427s] writing dependency_links to build/esp32_comm/esp32_comm.egg-info/dependency_links.txt
[1.428s] writing entry points to build/esp32_comm/esp32_comm.egg-info/entry_points.txt
[1.428s] writing requirements to build/esp32_comm/esp32_comm.egg-info/requires.txt
[1.428s] writing top-level names to build/esp32_comm/esp32_comm.egg-info/top_level.txt
[1.488s] reading manifest file 'build/esp32_comm/esp32_comm.egg-info/SOURCES.txt'
[1.489s] writing manifest file 'build/esp32_comm/esp32_comm.egg-info/SOURCES.txt'
[1.489s] running build
[1.490s] running build_py
[1.490s] copying esp32_comm/esp_ros_node.py -> /home/kmagier/ros2_ws/src/esp32_comm/build/esp32_comm/build/lib/esp32_comm
[1.490s] running install
[1.496s] running install_lib
[1.527s] copying /home/kmagier/ros2_ws/src/esp32_comm/build/esp32_comm/build/lib/esp32_comm/esp_ros_node.py -> /home/kmagier/ros2_ws/src/esp32_comm/install/esp32_comm/lib/python3.12/site-packages/esp32_comm
[1.527s] byte-compiling /home/kmagier/ros2_ws/src/esp32_comm/install/esp32_comm/lib/python3.12/site-packages/esp32_comm/esp_ros_node.py to esp_ros_node.cpython-312.pyc
[1.528s] running install_data
[1.528s] running install_egg_info
[1.561s] removing '/home/kmagier/ros2_ws/src/esp32_comm/install/esp32_comm/lib/python3.12/site-packages/esp32_comm-0.0.0-py3.12.egg-info' (and everything under it)
[1.561s] Copying build/esp32_comm/esp32_comm.egg-info to /home/kmagier/ros2_ws/src/esp32_comm/install/esp32_comm/lib/python3.12/site-packages/esp32_comm-0.0.0-py3.12.egg-info
[1.562s] running install_scripts
[1.752s] Installing esp_ros_node script to /home/kmagier/ros2_ws/src/esp32_comm/install/esp32_comm/lib/esp32_comm
[1.753s] writing list of installed files to '/home/kmagier/ros2_ws/src/esp32_comm/build/esp32_comm/install.log'
[1.779s] Invoked command in '/home/kmagier/ros2_ws/src/esp32_comm' returned '0': DEBUGINFOD_URLS=https://debuginfod.ubuntu.com PYTHONPATH=/home/kmagier/ros2_ws/src/esp32_comm/build/esp32_comm/prefix_override:/usr/lib/python3/dist-packages/colcon_core/task/python/colcon_distutils_commands:/home/kmagier/ros2_ws/src/esp32_comm/install/esp32_comm/lib/python3.12/site-packages:${PYTHONPATH} /usr/bin/python3 -W ignore:setup.py install is deprecated setup.py egg_info --egg-base build/esp32_comm build --build-base /home/kmagier/ros2_ws/src/esp32_comm/build/esp32_comm/build install --record /home/kmagier/ros2_ws/src/esp32_comm/build/esp32_comm/install.log --single-version-externally-managed install_data
