[1.109s] Invoking command in '/home/kmagier/ros2_ws/src/esp32_comm/build/esp32_comm': DEBUGINFOD_URLS=https://debuginfod.ubuntu.com PYTHONPATH=/home/kmagier/ros2_ws/src/esp32_comm/build/esp32_comm/prefix_override:/usr/lib/python3/dist-packages/colcon_core/task/python/colcon_distutils_commands:/home/kmagier/ros2_ws/src/esp32_comm/install/esp32_comm/lib/python3.12/site-packages:${PYTHONPATH} /usr/bin/python3 -W ignore:setup.py install is deprecated setup.py develop --editable --build-directory /home/kmagier/ros2_ws/src/esp32_comm/build/esp32_comm/build --no-deps symlink_data --force
[1.547s] running develop
[1.547s] /usr/lib/python3/dist-packages/setuptools/command/develop.py:40: EasyInstallDeprecationWarning: easy_install command is deprecated.
[1.547s] !!
[1.547s] 
[1.547s]         ********************************************************************************
[1.547s]         Please avoid running ``setup.py`` and ``easy_install``.
[1.548s]         Instead, use pypa/build, pypa/installer or other
[1.548s]         standards-based tools.
[1.548s] 
[1.548s]         See https://github.com/pypa/setuptools/issues/917 for details.
[1.548s]         ********************************************************************************
[1.548s] 
[1.548s] !!
[1.548s]   easy_install.initialize_options(self)
[1.856s] running egg_info
[1.885s] writing esp32_comm.egg-info/PKG-INFO
[1.885s] writing dependency_links to esp32_comm.egg-info/dependency_links.txt
[1.886s] writing entry points to esp32_comm.egg-info/entry_points.txt
[1.886s] writing requirements to esp32_comm.egg-info/requires.txt
[1.886s] writing top-level names to esp32_comm.egg-info/top_level.txt
[1.948s] reading manifest file 'esp32_comm.egg-info/SOURCES.txt'
[1.948s] writing manifest file 'esp32_comm.egg-info/SOURCES.txt'
[1.979s] running build_ext
[1.979s] Creating /home/kmagier/ros2_ws/src/esp32_comm/install/esp32_comm/lib/python3.12/site-packages/esp32-comm.egg-link (link to .)
[1.980s] Installing esp_ros_node script to /home/kmagier/ros2_ws/src/esp32_comm/install/esp32_comm/lib/esp32_comm
[1.980s] 
[1.980s] Installed /home/kmagier/ros2_ws/src/esp32_comm/build/esp32_comm
[1.980s] running symlink_data
[1.980s] symbolically linking /home/kmagier/ros2_ws/src/esp32_comm/build/esp32_comm/resource/esp32_comm -> /home/kmagier/ros2_ws/src/esp32_comm/install/esp32_comm/share/ament_index/resource_index/packages
[1.981s] symbolically linking /home/kmagier/ros2_ws/src/esp32_comm/build/esp32_comm/package.xml -> /home/kmagier/ros2_ws/src/esp32_comm/install/esp32_comm/share/esp32_comm
[2.008s] Invoked command in '/home/kmagier/ros2_ws/src/esp32_comm/build/esp32_comm' returned '0': DEBUGINFOD_URLS=https://debuginfod.ubuntu.com PYTHONPATH=/home/kmagier/ros2_ws/src/esp32_comm/build/esp32_comm/prefix_override:/usr/lib/python3/dist-packages/colcon_core/task/python/colcon_distutils_commands:/home/kmagier/ros2_ws/src/esp32_comm/install/esp32_comm/lib/python3.12/site-packages:${PYTHONPATH} /usr/bin/python3 -W ignore:setup.py install is deprecated setup.py develop --editable --build-directory /home/kmagier/ros2_ws/src/esp32_comm/build/esp32_comm/build --no-deps symlink_data --force
